<?xml version="1.0" encoding="utf-8"?><testsuites name="pytest tests"><testsuite name="pytest" errors="0" failures="1" skipped="2" tests="13" time="6.954" timestamp="2026-06-18T20:42:09.590851+00:00" hostname="agent-env-b25ca320-ae6d-4161-bcfc-08a4f6154777"><testcase classname="backend.tests.test_iteration2.Test2FA" name="test_setup_returns_secret_and_qr" time="0.603" /><testcase classname="backend.tests.test_iteration2.Test2FA" name="test_verify_enables_2fa_and_login_requires_code" time="1.165" /><testcase classname="backend.tests.test_iteration2.Test2FA" name="test_status_for_user_required_false" time="0.369" /><testcase classname="backend.tests.test_iteration2.Test2FA" name="test_status_for_admin_required_true" time="0.743" /><testcase classname="backend.tests.test_iteration2.Test2FA" name="test_admin_cannot_disable_2fa" time="0.345"><skipped type="pytest.skip" message="admin already has 2FA enabled; cannot reproduce disable scenario freshly">/app/backend/tests/test_iteration2.py:114: admin already has 2FA enabled; cannot reproduce disable scenario freshly</skipped></testcase><testcase classname="backend.tests.test_iteration2.TestSumsub" name="test_access_token_mock_shape" time="0.380" /><testcase classname="backend.tests.test_iteration2.TestSumsub" name="test_webhook_green_verifies_user" time="0.531" /><testcase classname="backend.tests.test_iteration2.TestSumsub" name="test_webhook_red_rejects_user" time="0.572" /><testcase classname="backend.tests.test_iteration2.TestConcierge" name="test_ask_streams_sse_and_persists" time="0.100"><failure message="AssertionError: register failed: 429 {&quot;detail&quot;:&quot;Too many requests. Please try again later.&quot;}&#10;assert 429 in (200, 201)&#10; +  where 429 = &lt;Response [429]&gt;.status_code">backend/tests/test_iteration2.py:176: in test_ask_streams_sse_and_persists
    s = _register_user(name="Concierge User")
        ^^^^^^^^^^^^^^^^^^^^^^^^^^^^^^^^^^^^^
backend/tests/test_iteration2.py:28: in _register_user
    assert r.status_code in (200, 201), f"register failed: {r.status_code} {r.text}"
E   AssertionError: register failed: 429 {"detail":"Too many requests. Please try again later."}
E   assert 429 in (200, 201)
E    +  where 429 = &lt;Response [429]&gt;.status_code</failure></testcase><testcase classname="backend.tests.test_iteration2.TestEmailMock" name="test_welcome_email_logged_on_register" time="1.336" /><testcase classname="backend.tests.test_iteration2.TestEmailMock" name="test_deposit_approval_logs_email" time="0.367"><skipped type="pytest.skip" message="admin login blocked by 2FA in this run">/app/backend/tests/test_iteration2.py:250: admin login blocked by 2FA in this run</skipped></testcase><testcase classname="backend.tests.test_iteration2.TestScheduler" name="test_scheduler_started_log" time="0.003" /><testcase classname="backend.tests.test_iteration2.TestScheduler" name="test_maturity_job_credits_balance" time="0.313" /></testsuite></testsuites>