<?xml version="1.0" encoding="utf-8"?><testsuites name="pytest tests"><testsuite name="pytest" errors="0" failures="1" skipped="2" tests="13" time="15.516" timestamp="2026-06-18T20:35:35.477091+00:00" hostname="agent-env-b25ca320-ae6d-4161-bcfc-08a4f6154777"><testcase classname="backend.tests.test_iteration2.Test2FA" name="test_setup_returns_secret_and_qr" time="0.508" /><testcase classname="backend.tests.test_iteration2.Test2FA" name="test_verify_enables_2fa_and_login_requires_code" time="1.154" /><testcase classname="backend.tests.test_iteration2.Test2FA" name="test_status_for_user_required_false" time="0.386" /><testcase classname="backend.tests.test_iteration2.Test2FA" name="test_status_for_admin_required_true" time="0.934" /><testcase classname="backend.tests.test_iteration2.Test2FA" name="test_admin_cannot_disable_2fa" time="0.351"><skipped type="pytest.skip" message="admin already has 2FA enabled; cannot reproduce disable scenario freshly">/app/backend/tests/test_iteration2.py:114: admin already has 2FA enabled; cannot reproduce disable scenario freshly</skipped></testcase><testcase classname="backend.tests.test_iteration2.TestSumsub" name="test_access_token_mock_shape" time="0.394" /><testcase classname="backend.tests.test_iteration2.TestSumsub" name="test_webhook_green_verifies_user" time="0.538" /><testcase classname="backend.tests.test_iteration2.TestSumsub" name="test_webhook_red_rejects_user" time="0.534" /><testcase classname="backend.tests.test_iteration2.TestConcierge" name="test_ask_streams_sse_and_persists" time="7.859" /><testcase classname="backend.tests.test_iteration2.TestEmailMock" name="test_welcome_email_logged_on_register" time="1.342" /><testcase classname="backend.tests.test_iteration2.TestEmailMock" name="test_deposit_approval_logs_email" time="0.353"><skipped type="pytest.skip" message="admin login blocked by 2FA in this run">/app/backend/tests/test_iteration2.py:250: admin login blocked by 2FA in this run</skipped></testcase><testcase classname="backend.tests.test_iteration2.TestScheduler" name="test_scheduler_started_log" time="0.003" /><testcase classname="backend.tests.test_iteration2.TestScheduler" name="test_maturity_job_credits_balance" time="0.779"><failure message="RuntimeError: Event loop is closed">backend/tests/test_iteration2.py:315: in test_maturity_job_credits_balance
    user, inv, tx = asyncio.run(setup_and_run())
                    ^^^^^^^^^^^^^^^^^^^^^^^^^^^^
/usr/local/lib/python3.11/asyncio/runners.py:190: in run
    return runner.run(main)
           ^^^^^^^^^^^^^^^^
/usr/local/lib/python3.11/asyncio/runners.py:118: in run
    return self._loop.run_until_complete(task)
           ^^^^^^^^^^^^^^^^^^^^^^^^^^^^^^^^^^^
/usr/local/lib/python3.11/asyncio/base_events.py:654: in run_until_complete
    return future.result()
           ^^^^^^^^^^^^^^^
backend/tests/test_iteration2.py:284: in setup_and_run
    await db.users.insert_one({
/root/.venv/lib/python3.11/site-packages/motor/metaprogramming.py:74: in method
    return framework.run_on_executor(
/root/.venv/lib/python3.11/site-packages/motor/frameworks/asyncio/__init__.py:85: in run_on_executor
    return loop.run_in_executor(_EXECUTOR, functools.partial(fn, *args, **kwargs))
           ^^^^^^^^^^^^^^^^^^^^^^^^^^^^^^^^^^^^^^^^^^^^^^^^^^^^^^^^^^^^^^^^^^^^^^^
/usr/local/lib/python3.11/asyncio/base_events.py:817: in run_in_executor
    self._check_closed()
/usr/local/lib/python3.11/asyncio/base_events.py:520: in _check_closed
    raise RuntimeError('Event loop is closed')
E   RuntimeError: Event loop is closed</failure></testcase></testsuite></testsuites>