<?xml version="1.0" encoding="utf-8"?><testsuites name="pytest tests"><testsuite name="pytest" errors="0" failures="2" skipped="0" tests="21" time="6.711" timestamp="2026-06-09T09:31:57.762552+00:00" hostname="agent-env-b25ca320-ae6d-4161-bcfc-08a4f6154777"><testcase classname="backend.tests.backend_test" name="test_health" time="0.276" /><testcase classname="backend.tests.backend_test" name="test_register_returns_user_no_password_hash" time="0.329" /><testcase classname="backend.tests.backend_test" name="test_admin_login_and_me" time="0.364" /><testcase classname="backend.tests.backend_test" name="test_logout_clears_cookies" time="0.461" /><testcase classname="backend.tests.backend_test" name="test_brute_force_lockout" time="3.062"><failure message="AssertionError: Expected 429 after multiple bad logins, last=401&#10;assert False">backend/tests/backend_test.py:89: in test_brute_force_lockout
    assert got_429, f"Expected 429 after multiple bad logins, last={last_code}"
E   AssertionError: Expected 429 after multiple bad logins, last=401
E   assert False</failure></testcase><testcase classname="backend.tests.backend_test" name="test_plans_seeded" time="0.102" /><testcase classname="backend.tests.backend_test" name="test_user_cannot_create_plan" time="0.368" /><testcase classname="backend.tests.backend_test" name="test_invest_without_kyc_forbidden" time="0.156" /><testcase classname="backend.tests.backend_test" name="test_withdraw_without_kyc_forbidden" time="0.059" /><testcase classname="backend.tests.backend_test" name="test_kyc_submit_and_approve" time="0.647" /><testcase classname="backend.tests.backend_test" name="test_deposit_approve_credits_balance" time="0.149"><failure message="AssertionError: {&quot;detail&quot;:&quot;Not authenticated&quot;}&#10;assert 401 in (200, 201)&#10; +  where 401 = &lt;Response [401]&gt;.status_code">backend/tests/backend_test.py:167: in test_deposit_approve_credits_balance
    assert r.status_code in (200, 201), r.text
E   AssertionError: {"detail":"Not authenticated"}
E   assert 401 in (200, 201)
E    +  where 401 = &lt;Response [401]&gt;.status_code</failure></testcase><testcase classname="backend.tests.backend_test" name="test_portfolio_summary" time="0.047" /><testcase classname="backend.tests.backend_test" name="test_referrals_me" time="0.055" /><testcase classname="backend.tests.backend_test" name="test_admin_endpoints_require_admin[/admin/analytics]" time="0.045" /><testcase classname="backend.tests.backend_test" name="test_admin_endpoints_require_admin[/admin/users]" time="0.047" /><testcase classname="backend.tests.backend_test" name="test_admin_endpoints_require_admin[/admin/audit-logs]" time="0.046" /><testcase classname="backend.tests.backend_test" name="test_admin_endpoints_require_admin[/transactions/pending]" time="0.049" /><testcase classname="backend.tests.backend_test" name="test_admin_endpoints_require_admin[/kyc/pending]" time="0.048" /><testcase classname="backend.tests.backend_test" name="test_admin_endpoints_work_for_admin" time="0.138" /><testcase classname="backend.tests.backend_test" name="test_deposit_validation_negative_amount" time="0.050" /><testcase classname="backend.tests.backend_test" name="test_register_missing_fields" time="0.101" /></testsuite></testsuites>